0 info it worked if it ends with ok
1 verbose cli [ 'C:\\Program Files\\nodejs\\node.exe',
1 verbose cli   'C:\\Program Files\\nodejs\\node_modules\\npm\\bin\\npm-cli.js',
1 verbose cli   'install',
1 verbose cli   '--save',
1 verbose cli   'rpi-gpio' ]
2 info using npm@3.10.3
3 info using node@v6.6.0
4 silly loadCurrentTree Starting
5 silly install loadCurrentTree
6 silly install readLocalPackageData
7 silly fetchPackageMetaData rpi-gpio
8 silly fetchNamedPackageData rpi-gpio
9 silly mapToRegistry name rpi-gpio
10 silly mapToRegistry using default registry
11 silly mapToRegistry registry https://registry.npmjs.org/
12 silly mapToRegistry data Result {
12 silly mapToRegistry   raw: 'rpi-gpio',
12 silly mapToRegistry   scope: null,
12 silly mapToRegistry   escapedName: 'rpi-gpio',
12 silly mapToRegistry   name: 'rpi-gpio',
12 silly mapToRegistry   rawSpec: '',
12 silly mapToRegistry   spec: 'latest',
12 silly mapToRegistry   type: 'tag' }
13 silly mapToRegistry uri https://registry.npmjs.org/rpi-gpio
14 verbose request uri https://registry.npmjs.org/rpi-gpio
15 verbose request no auth needed
16 info attempt registry request try #1 at 10:49:28 PM
17 verbose request id 20b19e44c5c4dfee
18 http request GET https://registry.npmjs.org/rpi-gpio
19 http 200 https://registry.npmjs.org/rpi-gpio
20 verbose headers { server: 'CouchDB/1.6.1 (Erlang OTP/R16B03)',
20 verbose headers   etag: '"8I3WOSX8JDWBFAYJ2RU1LQEWM"',
20 verbose headers   'content-type': 'application/json',
20 verbose headers   'content-encoding': 'gzip',
20 verbose headers   'cache-control': 'max-age=300',
20 verbose headers   'content-length': '5355',
20 verbose headers   'accept-ranges': 'bytes',
20 verbose headers   date: 'Sat, 22 Oct 2016 03:49:25 GMT',
20 verbose headers   via: '1.1 varnish',
20 verbose headers   age: '0',
20 verbose headers   connection: 'keep-alive',
20 verbose headers   'x-served-by': 'cache-atl6235-ATL',
20 verbose headers   'x-cache': 'MISS',
20 verbose headers   'x-cache-hits': '0',
20 verbose headers   'x-timer': 'S1477108164.852057,VS0,VE347',
20 verbose headers   vary: 'Accept-Encoding' }
21 silly get cb [ 200,
21 silly get   { server: 'CouchDB/1.6.1 (Erlang OTP/R16B03)',
21 silly get     etag: '"8I3WOSX8JDWBFAYJ2RU1LQEWM"',
21 silly get     'content-type': 'application/json',
21 silly get     'content-encoding': 'gzip',
21 silly get     'cache-control': 'max-age=300',
21 silly get     'content-length': '5355',
21 silly get     'accept-ranges': 'bytes',
21 silly get     date: 'Sat, 22 Oct 2016 03:49:25 GMT',
21 silly get     via: '1.1 varnish',
21 silly get     age: '0',
21 silly get     connection: 'keep-alive',
21 silly get     'x-served-by': 'cache-atl6235-ATL',
21 silly get     'x-cache': 'MISS',
21 silly get     'x-cache-hits': '0',
21 silly get     'x-timer': 'S1477108164.852057,VS0,VE347',
21 silly get     vary: 'Accept-Encoding' } ]
22 verbose get saving rpi-gpio to C:\Users\bpatel\AppData\Roaming\npm-cache\registry.npmjs.org\rpi-gpio\.cache.json
23 verbose correctMkdir C:\Users\bpatel\AppData\Roaming\npm-cache correctMkdir not in flight; initializing
24 silly install normalizeTree
25 silly loadCurrentTree Finishing
26 silly loadIdealTree Starting
27 silly install loadIdealTree
28 silly cloneCurrentTree Starting
29 silly install cloneCurrentTreeToIdealTree
30 silly cloneCurrentTree Finishing
31 silly loadShrinkwrap Starting
32 silly install loadShrinkwrap
33 silly loadShrinkwrap Finishing
34 silly loadAllDepsIntoIdealTree Starting
35 silly install loadAllDepsIntoIdealTree
36 silly resolveWithNewModule rpi-gpio@0.7.0 checking installable status
37 silly cache add args [ 'rpi-gpio', null ]
38 verbose cache add spec rpi-gpio
39 silly cache add parsed spec Result {
39 silly cache add   raw: 'rpi-gpio',
39 silly cache add   scope: null,
39 silly cache add   escapedName: 'rpi-gpio',
39 silly cache add   name: 'rpi-gpio',
39 silly cache add   rawSpec: '',
39 silly cache add   spec: 'latest',
39 silly cache add   type: 'tag' }
40 silly addNamed rpi-gpio@latest
41 verbose addNamed "latest" is being treated as a dist-tag for rpi-gpio
42 info addNameTag [ 'rpi-gpio', 'latest' ]
43 silly mapToRegistry name rpi-gpio
44 silly mapToRegistry using default registry
45 silly mapToRegistry registry https://registry.npmjs.org/
46 silly mapToRegistry data Result {
46 silly mapToRegistry   raw: 'rpi-gpio',
46 silly mapToRegistry   scope: null,
46 silly mapToRegistry   escapedName: 'rpi-gpio',
46 silly mapToRegistry   name: 'rpi-gpio',
46 silly mapToRegistry   rawSpec: '',
46 silly mapToRegistry   spec: 'latest',
46 silly mapToRegistry   type: 'tag' }
47 silly mapToRegistry uri https://registry.npmjs.org/rpi-gpio
48 verbose addNameTag registry:https://registry.npmjs.org/rpi-gpio not in flight; fetching
49 verbose get https://registry.npmjs.org/rpi-gpio not expired, no request
50 silly addNameTag next cb for rpi-gpio with tag latest
51 silly addNamed rpi-gpio@0.7.0
52 verbose addNamed "0.7.0" is a plain semver version for rpi-gpio
53 silly mapToRegistry name rpi-gpio
54 silly mapToRegistry using default registry
55 silly mapToRegistry registry https://registry.npmjs.org/
56 silly mapToRegistry data Result {
56 silly mapToRegistry   raw: 'rpi-gpio',
56 silly mapToRegistry   scope: null,
56 silly mapToRegistry   escapedName: 'rpi-gpio',
56 silly mapToRegistry   name: 'rpi-gpio',
56 silly mapToRegistry   rawSpec: '',
56 silly mapToRegistry   spec: 'latest',
56 silly mapToRegistry   type: 'tag' }
57 silly mapToRegistry uri https://registry.npmjs.org/rpi-gpio
58 verbose addRemoteTarball https://registry.npmjs.org/rpi-gpio/-/rpi-gpio-0.7.0.tgz not in flight; adding
59 verbose addRemoteTarball [ 'https://registry.npmjs.org/rpi-gpio/-/rpi-gpio-0.7.0.tgz',
59 verbose addRemoteTarball   'a71ea43a2701d13ae9003ef0e46c6bcd3dc413ca' ]
60 info retry fetch attempt 1 at 10:49:31 PM
61 info attempt registry request try #1 at 10:49:31 PM
62 http fetch GET https://registry.npmjs.org/rpi-gpio/-/rpi-gpio-0.7.0.tgz
63 http fetch 200 https://registry.npmjs.org/rpi-gpio/-/rpi-gpio-0.7.0.tgz
64 silly fetchAndShaCheck shasum a71ea43a2701d13ae9003ef0e46c6bcd3dc413ca
65 verbose addTmpTarball C:\Users\bpatel\AppData\Local\Temp\npm-1920-7c75bd74\registry.npmjs.org\rpi-gpio\-\rpi-gpio-0.7.0.tgz not in flight; adding
66 verbose addTmpTarball already have metadata; skipping unpack for rpi-gpio@0.7.0
67 verbose correctMkdir C:\Users\bpatel\AppData\Roaming\npm-cache correctMkdir not in flight; initializing
68 silly cache afterAdd rpi-gpio@0.7.0
69 verbose afterAdd C:\Users\bpatel\AppData\Roaming\npm-cache\rpi-gpio\0.7.0\package\package.json not in flight; writing
70 verbose correctMkdir C:\Users\bpatel\AppData\Roaming\npm-cache correctMkdir not in flight; initializing
71 verbose afterAdd C:\Users\bpatel\AppData\Roaming\npm-cache\rpi-gpio\0.7.0\package\package.json written
72 silly fetchNamedPackageData async
73 silly mapToRegistry name async
74 silly mapToRegistry using default registry
75 silly mapToRegistry registry https://registry.npmjs.org/
76 silly mapToRegistry data Result {
76 silly mapToRegistry   raw: 'async',
76 silly mapToRegistry   scope: null,
76 silly mapToRegistry   escapedName: 'async',
76 silly mapToRegistry   name: 'async',
76 silly mapToRegistry   rawSpec: '',
76 silly mapToRegistry   spec: 'latest',
76 silly mapToRegistry   type: 'tag' }
77 silly mapToRegistry uri https://registry.npmjs.org/async
78 silly fetchNamedPackageData epoll
79 silly mapToRegistry name epoll
80 silly mapToRegistry using default registry
81 silly mapToRegistry registry https://registry.npmjs.org/
82 silly mapToRegistry data Result {
82 silly mapToRegistry   raw: 'epoll',
82 silly mapToRegistry   scope: null,
82 silly mapToRegistry   escapedName: 'epoll',
82 silly mapToRegistry   name: 'epoll',
82 silly mapToRegistry   rawSpec: '',
82 silly mapToRegistry   spec: 'latest',
82 silly mapToRegistry   type: 'tag' }
83 silly mapToRegistry uri https://registry.npmjs.org/epoll
84 verbose request uri https://registry.npmjs.org/async
85 verbose request no auth needed
86 info attempt registry request try #1 at 10:49:42 PM
87 verbose etag "74BMBUDTMV774R4H69T5Z238Y"
88 http request GET https://registry.npmjs.org/async
89 verbose request uri https://registry.npmjs.org/epoll
90 verbose request no auth needed
91 info attempt registry request try #1 at 10:49:42 PM
92 verbose etag "SC8SO2E3HUE89E4YOI0PYCED"
93 http request GET https://registry.npmjs.org/epoll
94 http 200 https://registry.npmjs.org/async
95 verbose headers { server: 'CouchDB/1.5.0 (Erlang OTP/R16B03)',
95 verbose headers   etag: '"5RDKT96BMU0Z0U4X3Z5NMOMSD"',
95 verbose headers   'content-type': 'application/json',
95 verbose headers   'content-encoding': 'gzip',
95 verbose headers   'cache-control': 'max-age=300',
95 verbose headers   'content-length': '17825',
95 verbose headers   'accept-ranges': 'bytes',
95 verbose headers   date: 'Sat, 22 Oct 2016 03:49:37 GMT',
95 verbose headers   via: '1.1 varnish',
95 verbose headers   age: '43',
95 verbose headers   connection: 'keep-alive',
95 verbose headers   'x-served-by': 'cache-atl6235-ATL',
95 verbose headers   'x-cache': 'HIT',
95 verbose headers   'x-cache-hits': '1',
95 verbose headers   'x-timer': 'S1477108177.810959,VS0,VE0',
95 verbose headers   vary: 'Accept-Encoding' }
96 silly get cb [ 200,
96 silly get   { server: 'CouchDB/1.5.0 (Erlang OTP/R16B03)',
96 silly get     etag: '"5RDKT96BMU0Z0U4X3Z5NMOMSD"',
96 silly get     'content-type': 'application/json',
96 silly get     'content-encoding': 'gzip',
96 silly get     'cache-control': 'max-age=300',
96 silly get     'content-length': '17825',
96 silly get     'accept-ranges': 'bytes',
96 silly get     date: 'Sat, 22 Oct 2016 03:49:37 GMT',
96 silly get     via: '1.1 varnish',
96 silly get     age: '43',
96 silly get     connection: 'keep-alive',
96 silly get     'x-served-by': 'cache-atl6235-ATL',
96 silly get     'x-cache': 'HIT',
96 silly get     'x-cache-hits': '1',
96 silly get     'x-timer': 'S1477108177.810959,VS0,VE0',
96 silly get     vary: 'Accept-Encoding' } ]
97 verbose get saving async to C:\Users\bpatel\AppData\Roaming\npm-cache\registry.npmjs.org\async\.cache.json
98 verbose correctMkdir C:\Users\bpatel\AppData\Roaming\npm-cache correctMkdir not in flight; initializing
99 silly resolveWithNewModule async@1.5.2 checking installable status
100 silly cache add args [ 'async@1.x', null ]
101 verbose cache add spec async@1.x
102 silly cache add parsed spec Result {
102 silly cache add   raw: 'async@1.x',
102 silly cache add   scope: null,
102 silly cache add   escapedName: 'async',
102 silly cache add   name: 'async',
102 silly cache add   rawSpec: '1.x',
102 silly cache add   spec: '>=1.0.0 <2.0.0',
102 silly cache add   type: 'range' }
103 silly addNamed async@>=1.0.0 <2.0.0
104 verbose addNamed ">=1.0.0 <2.0.0" is a valid semver range for async
105 silly addNameRange { name: 'async', range: '>=1.0.0 <2.0.0', hasData: false }
106 silly mapToRegistry name async
107 silly mapToRegistry using default registry
108 silly mapToRegistry registry https://registry.npmjs.org/
109 silly mapToRegistry data Result {
109 silly mapToRegistry   raw: 'async',
109 silly mapToRegistry   scope: null,
109 silly mapToRegistry   escapedName: 'async',
109 silly mapToRegistry   name: 'async',
109 silly mapToRegistry   rawSpec: '',
109 silly mapToRegistry   spec: 'latest',
109 silly mapToRegistry   type: 'tag' }
110 silly mapToRegistry uri https://registry.npmjs.org/async
111 verbose addNameRange registry:https://registry.npmjs.org/async not in flight; fetching
112 verbose get https://registry.npmjs.org/async not expired, no request
113 silly addNameRange number 2 { name: 'async', range: '>=1.0.0 <2.0.0', hasData: true }
114 silly addNameRange versions [ 'async',
114 silly addNameRange   [ '0.1.0',
114 silly addNameRange     '0.1.1',
114 silly addNameRange     '0.1.2',
114 silly addNameRange     '0.1.3',
114 silly addNameRange     '0.1.4',
114 silly addNameRange     '0.1.5',
114 silly addNameRange     '0.1.6',
114 silly addNameRange     '0.1.7',
114 silly addNameRange     '0.1.8',
114 silly addNameRange     '0.1.9',
114 silly addNameRange     '0.1.10',
114 silly addNameRange     '0.1.11',
114 silly addNameRange     '0.1.12',
114 silly addNameRange     '0.1.13',
114 silly addNameRange     '0.1.14',
114 silly addNameRange     '0.1.15',
114 silly addNameRange     '0.1.16',
114 silly addNameRange     '0.1.17',
114 silly addNameRange     '0.1.18',
114 silly addNameRange     '0.1.19',
114 silly addNameRange     '0.1.20',
114 silly addNameRange     '0.1.21',
114 silly addNameRange     '0.1.22',
114 silly addNameRange     '0.2.0',
114 silly addNameRange     '0.2.1',
114 silly addNameRange     '0.2.2',
114 silly addNameRange     '0.2.3',
114 silly addNameRange     '0.2.4',
114 silly addNameRange     '0.2.5',
114 silly addNameRange     '0.2.6',
114 silly addNameRange     '0.2.7',
114 silly addNameRange     '0.2.8',
114 silly addNameRange     '0.2.9',
114 silly addNameRange     '0.2.10',
114 silly addNameRange     '0.3.0',
114 silly addNameRange     '0.4.0',
114 silly addNameRange     '0.4.1',
114 silly addNameRange     '0.5.0',
114 silly addNameRange     '0.6.0',
114 silly addNameRange     '0.6.1',
114 silly addNameRange     '0.6.2',
114 silly addNameRange     '0.7.0',
114 silly addNameRange     '0.8.0',
114 silly addNameRange     '0.9.0',
114 silly addNameRange     '0.9.2',
114 silly addNameRange     '1.0.0',
114 silly addNameRange     '1.1.0',
114 silly addNameRange     '1.2.0',
114 silly addNameRange     '1.1.1',
114 silly addNameRange     '1.2.1',
114 silly addNameRange     '1.3.0',
114 silly addNameRange     '1.4.0',
114 silly addNameRange     '1.4.1',
114 silly addNameRange     '1.4.2',
114 silly addNameRange     '1.5.0',
114 silly addNameRange     '1.5.1',
114 silly addNameRange     '1.5.2',
114 silly addNameRange     '2.0.0-alpha.0',
114 silly addNameRange     '2.0.0-rc.1',
114 silly addNameRange     '2.0.0-rc.2',
114 silly addNameRange     '2.0.0-rc.3',
114 silly addNameRange     '2.0.0-rc.4',
114 silly addNameRange     '2.0.0-rc.5',
114 silly addNameRange     '2.0.0-rc.6',
114 silly addNameRange     '2.0.0',
114 silly addNameRange     '2.0.1',
114 silly addNameRange     '2.1.0',
114 silly addNameRange     '2.1.1',
114 silly addNameRange     '2.1.2' ] ]
115 silly addNamed async@1.5.2
116 verbose addNamed "1.5.2" is a plain semver version for async
117 silly cache afterAdd async@1.5.2
118 verbose afterAdd C:\Users\bpatel\AppData\Roaming\npm-cache\async\1.5.2\package\package.json not in flight; writing
119 verbose correctMkdir C:\Users\bpatel\AppData\Roaming\npm-cache correctMkdir not in flight; initializing
120 verbose afterAdd C:\Users\bpatel\AppData\Roaming\npm-cache\async\1.5.2\package\package.json written
121 http 304 https://registry.npmjs.org/epoll
122 verbose headers { date: 'Sat, 22 Oct 2016 03:49:37 GMT',
122 verbose headers   via: '1.1 varnish',
122 verbose headers   'cache-control': 'max-age=300',
122 verbose headers   etag: '"SC8SO2E3HUE89E4YOI0PYCED"',
122 verbose headers   age: '0',
122 verbose headers   connection: 'keep-alive',
122 verbose headers   'x-served-by': 'cache-atl6251-ATL',
122 verbose headers   'x-cache': 'MISS',
122 verbose headers   'x-cache-hits': '0',
122 verbose headers   'x-timer': 'S1477108177.884385,VS0,VE222',
122 verbose headers   vary: 'Accept-Encoding' }
123 silly get cb [ 304,
123 silly get   { date: 'Sat, 22 Oct 2016 03:49:37 GMT',
123 silly get     via: '1.1 varnish',
123 silly get     'cache-control': 'max-age=300',
123 silly get     etag: '"SC8SO2E3HUE89E4YOI0PYCED"',
123 silly get     age: '0',
123 silly get     connection: 'keep-alive',
123 silly get     'x-served-by': 'cache-atl6251-ATL',
123 silly get     'x-cache': 'MISS',
123 silly get     'x-cache-hits': '0',
123 silly get     'x-timer': 'S1477108177.884385,VS0,VE222',
123 silly get     vary: 'Accept-Encoding' } ]
124 verbose etag https://registry.npmjs.org/epoll from cache
125 verbose get saving epoll to C:\Users\bpatel\AppData\Roaming\npm-cache\registry.npmjs.org\epoll\.cache.json
126 verbose correctMkdir C:\Users\bpatel\AppData\Roaming\npm-cache correctMkdir not in flight; initializing
127 silly resolveWithNewModule epoll@0.1.20 checking installable status
128 silly cache add args [ 'epoll@0.1.x', null ]
129 verbose cache add spec epoll@0.1.x
130 silly cache add parsed spec Result {
130 silly cache add   raw: 'epoll@0.1.x',
130 silly cache add   scope: null,
130 silly cache add   escapedName: 'epoll',
130 silly cache add   name: 'epoll',
130 silly cache add   rawSpec: '0.1.x',
130 silly cache add   spec: '>=0.1.0 <0.2.0',
130 silly cache add   type: 'range' }
131 silly addNamed epoll@>=0.1.0 <0.2.0
132 verbose addNamed ">=0.1.0 <0.2.0" is a valid semver range for epoll
133 silly addNameRange { name: 'epoll', range: '>=0.1.0 <0.2.0', hasData: false }
134 silly mapToRegistry name epoll
135 silly mapToRegistry using default registry
136 silly mapToRegistry registry https://registry.npmjs.org/
137 silly mapToRegistry data Result {
137 silly mapToRegistry   raw: 'epoll',
137 silly mapToRegistry   scope: null,
137 silly mapToRegistry   escapedName: 'epoll',
137 silly mapToRegistry   name: 'epoll',
137 silly mapToRegistry   rawSpec: '',
137 silly mapToRegistry   spec: 'latest',
137 silly mapToRegistry   type: 'tag' }
138 silly mapToRegistry uri https://registry.npmjs.org/epoll
139 verbose addNameRange registry:https://registry.npmjs.org/epoll not in flight; fetching
140 verbose get https://registry.npmjs.org/epoll not expired, no request
141 silly addNameRange number 2 { name: 'epoll', range: '>=0.1.0 <0.2.0', hasData: true }
142 silly addNameRange versions [ 'epoll',
142 silly addNameRange   [ '0.0.1',
142 silly addNameRange     '0.0.2',
142 silly addNameRange     '0.0.3',
142 silly addNameRange     '0.0.4',
142 silly addNameRange     '0.0.5',
142 silly addNameRange     '0.0.6',
142 silly addNameRange     '0.0.7',
142 silly addNameRange     '0.0.8',
142 silly addNameRange     '0.1.0',
142 silly addNameRange     '0.1.1',
142 silly addNameRange     '0.1.2',
142 silly addNameRange     '0.1.3',
142 silly addNameRange     '0.1.4',
142 silly addNameRange     '0.1.5',
142 silly addNameRange     '0.1.7',
142 silly addNameRange     '0.1.8',
142 silly addNameRange     '0.1.9',
142 silly addNameRange     '0.1.10',
142 silly addNameRange     '0.1.11',
142 silly addNameRange     '0.1.12',
142 silly addNameRange     '0.1.13',
142 silly addNameRange     '0.1.14',
142 silly addNameRange     '0.1.15',
142 silly addNameRange     '0.1.16',
142 silly addNameRange     '0.1.17',
142 silly addNameRange     '0.1.18',
142 silly addNameRange     '0.1.19',
142 silly addNameRange     '0.1.20' ] ]
143 silly addNamed epoll@0.1.20
144 verbose addNamed "0.1.20" is a plain semver version for epoll
145 silly cache afterAdd epoll@0.1.20
146 verbose afterAdd C:\Users\bpatel\AppData\Roaming\npm-cache\epoll\0.1.20\package\package.json not in flight; writing
147 verbose correctMkdir C:\Users\bpatel\AppData\Roaming\npm-cache correctMkdir not in flight; initializing
148 verbose afterAdd C:\Users\bpatel\AppData\Roaming\npm-cache\epoll\0.1.20\package\package.json written
149 silly fetchNamedPackageData bindings
150 silly mapToRegistry name bindings
151 silly mapToRegistry using default registry
152 silly mapToRegistry registry https://registry.npmjs.org/
153 silly mapToRegistry data Result {
153 silly mapToRegistry   raw: 'bindings',
153 silly mapToRegistry   scope: null,
153 silly mapToRegistry   escapedName: 'bindings',
153 silly mapToRegistry   name: 'bindings',
153 silly mapToRegistry   rawSpec: '',
153 silly mapToRegistry   spec: 'latest',
153 silly mapToRegistry   type: 'tag' }
154 silly mapToRegistry uri https://registry.npmjs.org/bindings
155 silly fetchNamedPackageData nan
156 silly mapToRegistry name nan
157 silly mapToRegistry using default registry
158 silly mapToRegistry registry https://registry.npmjs.org/
159 silly mapToRegistry data Result {
159 silly mapToRegistry   raw: 'nan',
159 silly mapToRegistry   scope: null,
159 silly mapToRegistry   escapedName: 'nan',
159 silly mapToRegistry   name: 'nan',
159 silly mapToRegistry   rawSpec: '',
159 silly mapToRegistry   spec: 'latest',
159 silly mapToRegistry   type: 'tag' }
160 silly mapToRegistry uri https://registry.npmjs.org/nan
161 verbose request uri https://registry.npmjs.org/bindings
162 verbose request no auth needed
163 info attempt registry request try #1 at 10:49:42 PM
164 verbose etag "C1AW6UVQGY4VZQGFC1WTIGMDV"
165 http request GET https://registry.npmjs.org/bindings
166 verbose request uri https://registry.npmjs.org/nan
167 verbose request no auth needed
168 info attempt registry request try #1 at 10:49:42 PM
169 verbose etag "1YJEPM5V4XH0MZT0HV3B8R9BB"
170 http request GET https://registry.npmjs.org/nan
171 http 200 https://registry.npmjs.org/bindings
172 verbose headers { server: 'CouchDB/1.5.0 (Erlang OTP/R16B03)',
172 verbose headers   etag: '"8QW29MHCPCE6VJCVI3QVXRJAQ"',
172 verbose headers   'content-type': 'application/json',
172 verbose headers   'content-encoding': 'gzip',
172 verbose headers   'cache-control': 'max-age=300',
172 verbose headers   'content-length': '3832',
172 verbose headers   'accept-ranges': 'bytes',
172 verbose headers   date: 'Sat, 22 Oct 2016 03:49:38 GMT',
172 verbose headers   via: '1.1 varnish',
172 verbose headers   age: '289',
172 verbose headers   connection: 'keep-alive',
172 verbose headers   'x-served-by': 'cache-atl6235-ATL',
172 verbose headers   'x-cache': 'HIT',
172 verbose headers   'x-cache-hits': '1',
172 verbose headers   'x-timer': 'S1477108178.239436,VS0,VE0',
172 verbose headers   vary: 'Accept-Encoding' }
173 silly get cb [ 200,
173 silly get   { server: 'CouchDB/1.5.0 (Erlang OTP/R16B03)',
173 silly get     etag: '"8QW29MHCPCE6VJCVI3QVXRJAQ"',
173 silly get     'content-type': 'application/json',
173 silly get     'content-encoding': 'gzip',
173 silly get     'cache-control': 'max-age=300',
173 silly get     'content-length': '3832',
173 silly get     'accept-ranges': 'bytes',
173 silly get     date: 'Sat, 22 Oct 2016 03:49:38 GMT',
173 silly get     via: '1.1 varnish',
173 silly get     age: '289',
173 silly get     connection: 'keep-alive',
173 silly get     'x-served-by': 'cache-atl6235-ATL',
173 silly get     'x-cache': 'HIT',
173 silly get     'x-cache-hits': '1',
173 silly get     'x-timer': 'S1477108178.239436,VS0,VE0',
173 silly get     vary: 'Accept-Encoding' } ]
174 verbose get saving bindings to C:\Users\bpatel\AppData\Roaming\npm-cache\registry.npmjs.org\bindings\.cache.json
175 verbose correctMkdir C:\Users\bpatel\AppData\Roaming\npm-cache correctMkdir not in flight; initializing
176 silly resolveWithNewModule bindings@1.2.1 checking installable status
177 silly cache add args [ 'bindings@~1.2.1', null ]
178 verbose cache add spec bindings@~1.2.1
179 silly cache add parsed spec Result {
179 silly cache add   raw: 'bindings@~1.2.1',
179 silly cache add   scope: null,
179 silly cache add   escapedName: 'bindings',
179 silly cache add   name: 'bindings',
179 silly cache add   rawSpec: '~1.2.1',
179 silly cache add   spec: '>=1.2.1 <1.3.0',
179 silly cache add   type: 'range' }
180 silly addNamed bindings@>=1.2.1 <1.3.0
181 verbose addNamed ">=1.2.1 <1.3.0" is a valid semver range for bindings
182 silly addNameRange { name: 'bindings', range: '>=1.2.1 <1.3.0', hasData: false }
183 silly mapToRegistry name bindings
184 silly mapToRegistry using default registry
185 silly mapToRegistry registry https://registry.npmjs.org/
186 silly mapToRegistry data Result {
186 silly mapToRegistry   raw: 'bindings',
186 silly mapToRegistry   scope: null,
186 silly mapToRegistry   escapedName: 'bindings',
186 silly mapToRegistry   name: 'bindings',
186 silly mapToRegistry   rawSpec: '',
186 silly mapToRegistry   spec: 'latest',
186 silly mapToRegistry   type: 'tag' }
187 silly mapToRegistry uri https://registry.npmjs.org/bindings
188 verbose addNameRange registry:https://registry.npmjs.org/bindings not in flight; fetching
189 verbose get https://registry.npmjs.org/bindings not expired, no request
190 silly addNameRange number 2 { name: 'bindings', range: '>=1.2.1 <1.3.0', hasData: true }
191 silly addNameRange versions [ 'bindings',
191 silly addNameRange   [ '0.0.1',
191 silly addNameRange     '0.1.0',
191 silly addNameRange     '0.1.1',
191 silly addNameRange     '0.2.0',
191 silly addNameRange     '0.2.1',
191 silly addNameRange     '0.2.2',
191 silly addNameRange     '0.2.3',
191 silly addNameRange     '0.2.4',
191 silly addNameRange     '0.3.0',
191 silly addNameRange     '0.4.0',
191 silly addNameRange     '1.0.0',
191 silly addNameRange     '1.1.0',
191 silly addNameRange     '1.1.1',
191 silly addNameRange     '1.2.0',
191 silly addNameRange     '1.2.1' ] ]
192 silly addNamed bindings@1.2.1
193 verbose addNamed "1.2.1" is a plain semver version for bindings
194 http 200 https://registry.npmjs.org/nan
195 verbose headers { server: 'CouchDB/1.5.0 (Erlang OTP/R16B03)',
195 verbose headers   etag: '"2QXFPVXUU9DUUTAACVV4FOU2Z"',
195 verbose headers   'content-type': 'application/json',
195 verbose headers   'content-encoding': 'gzip',
195 verbose headers   'cache-control': 'max-age=300',
195 verbose headers   'content-length': '17179',
195 verbose headers   'accept-ranges': 'bytes',
195 verbose headers   date: 'Sat, 22 Oct 2016 03:49:38 GMT',
195 verbose headers   via: '1.1 varnish',
195 verbose headers   age: '24',
195 verbose headers   connection: 'keep-alive',
195 verbose headers   'x-served-by': 'cache-atl6251-ATL',
195 verbose headers   'x-cache': 'HIT',
195 verbose headers   'x-cache-hits': '1',
195 verbose headers   'x-timer': 'S1477108178.249832,VS0,VE0',
195 verbose headers   vary: 'Accept-Encoding' }
196 silly get cb [ 200,
196 silly get   { server: 'CouchDB/1.5.0 (Erlang OTP/R16B03)',
196 silly get     etag: '"2QXFPVXUU9DUUTAACVV4FOU2Z"',
196 silly get     'content-type': 'application/json',
196 silly get     'content-encoding': 'gzip',
196 silly get     'cache-control': 'max-age=300',
196 silly get     'content-length': '17179',
196 silly get     'accept-ranges': 'bytes',
196 silly get     date: 'Sat, 22 Oct 2016 03:49:38 GMT',
196 silly get     via: '1.1 varnish',
196 silly get     age: '24',
196 silly get     connection: 'keep-alive',
196 silly get     'x-served-by': 'cache-atl6251-ATL',
196 silly get     'x-cache': 'HIT',
196 silly get     'x-cache-hits': '1',
196 silly get     'x-timer': 'S1477108178.249832,VS0,VE0',
196 silly get     vary: 'Accept-Encoding' } ]
197 verbose get saving nan to C:\Users\bpatel\AppData\Roaming\npm-cache\registry.npmjs.org\nan\.cache.json
198 verbose correctMkdir C:\Users\bpatel\AppData\Roaming\npm-cache correctMkdir not in flight; initializing
199 silly cache afterAdd bindings@1.2.1
200 verbose afterAdd C:\Users\bpatel\AppData\Roaming\npm-cache\bindings\1.2.1\package\package.json not in flight; writing
201 verbose correctMkdir C:\Users\bpatel\AppData\Roaming\npm-cache correctMkdir not in flight; initializing
202 verbose afterAdd C:\Users\bpatel\AppData\Roaming\npm-cache\bindings\1.2.1\package\package.json written
203 silly resolveWithNewModule nan@2.4.0 checking installable status
204 silly cache add args [ 'nan@~2.4.0', null ]
205 verbose cache add spec nan@~2.4.0
206 silly cache add parsed spec Result {
206 silly cache add   raw: 'nan@~2.4.0',
206 silly cache add   scope: null,
206 silly cache add   escapedName: 'nan',
206 silly cache add   name: 'nan',
206 silly cache add   rawSpec: '~2.4.0',
206 silly cache add   spec: '>=2.4.0 <2.5.0',
206 silly cache add   type: 'range' }
207 silly addNamed nan@>=2.4.0 <2.5.0
208 verbose addNamed ">=2.4.0 <2.5.0" is a valid semver range for nan
209 silly addNameRange { name: 'nan', range: '>=2.4.0 <2.5.0', hasData: false }
210 silly mapToRegistry name nan
211 silly mapToRegistry using default registry
212 silly mapToRegistry registry https://registry.npmjs.org/
213 silly mapToRegistry data Result {
213 silly mapToRegistry   raw: 'nan',
213 silly mapToRegistry   scope: null,
213 silly mapToRegistry   escapedName: 'nan',
213 silly mapToRegistry   name: 'nan',
213 silly mapToRegistry   rawSpec: '',
213 silly mapToRegistry   spec: 'latest',
213 silly mapToRegistry   type: 'tag' }
214 silly mapToRegistry uri https://registry.npmjs.org/nan
215 verbose addNameRange registry:https://registry.npmjs.org/nan not in flight; fetching
216 verbose get https://registry.npmjs.org/nan not expired, no request
217 silly addNameRange number 2 { name: 'nan', range: '>=2.4.0 <2.5.0', hasData: true }
218 silly addNameRange versions [ 'nan',
218 silly addNameRange   [ '0.3.0-wip',
218 silly addNameRange     '0.3.0-wip2',
218 silly addNameRange     '0.3.0',
218 silly addNameRange     '0.3.1',
218 silly addNameRange     '0.3.2',
218 silly addNameRange     '0.4.0',
218 silly addNameRange     '0.4.1',
218 silly addNameRange     '0.4.2',
218 silly addNameRange     '0.4.3',
218 silly addNameRange     '0.4.4',
218 silly addNameRange     '0.5.0',
218 silly addNameRange     '0.5.1',
218 silly addNameRange     '0.5.2',
218 silly addNameRange     '0.6.0',
218 silly addNameRange     '0.7.0',
218 silly addNameRange     '0.7.1',
218 silly addNameRange     '0.8.0',
218 silly addNameRange     '1.0.0',
218 silly addNameRange     '1.1.0',
218 silly addNameRange     '1.1.1',
218 silly addNameRange     '1.1.2',
218 silly addNameRange     '1.2.0',
218 silly addNameRange     '1.3.0',
218 silly addNameRange     '1.4.0',
218 silly addNameRange     '1.4.1',
218 silly addNameRange     '1.5.0',
218 silly addNameRange     '1.4.2',
218 silly addNameRange     '1.4.3',
218 silly addNameRange     '1.5.1',
218 silly addNameRange     '1.5.2',
218 silly addNameRange     '1.6.0',
218 silly addNameRange     '1.5.3',
218 silly addNameRange     '1.6.1',
218 silly addNameRange     '1.6.2',
218 silly addNameRange     '1.7.0',
218 silly addNameRange     '1.8.0',
218 silly addNameRange     '1.8.1',
218 silly addNameRange     '1.8.2',
218 silly addNameRange     '1.8.3',
218 silly addNameRange     '1.8.4',
218 silly addNameRange     '1.9.0',
218 silly addNameRange     '2.0.0',
218 silly addNameRange     '2.0.1',
218 silly addNameRange     '2.0.2',
218 silly addNameRange     '2.0.3',
218 silly addNameRange     '2.0.4',
218 silly addNameRange     '2.0.5',
218 silly addNameRange     '2.0.6',
218 silly addNameRange     '2.0.7',
218 silly addNameRange     '2.0.8',
218 silly addNameRange     '2.0.9',
218 silly addNameRange     '2.1.0',
218 silly addNameRange     '2.2.0',
218 silly addNameRange     '2.2.1',
218 silly addNameRange     '2.3.0',
218 silly addNameRange     '2.3.1',
218 silly addNameRange     '2.3.2',
218 silly addNameRange     '2.3.3',
218 silly addNameRange     '2.3.4',
218 silly addNameRange     '2.3.5',
218 silly addNameRange     '2.4.0' ] ]
219 silly addNamed nan@2.4.0
220 verbose addNamed "2.4.0" is a plain semver version for nan
221 silly cache afterAdd nan@2.4.0
222 verbose afterAdd C:\Users\bpatel\AppData\Roaming\npm-cache\nan\2.4.0\package\package.json not in flight; writing
223 verbose correctMkdir C:\Users\bpatel\AppData\Roaming\npm-cache correctMkdir not in flight; initializing
224 verbose afterAdd C:\Users\bpatel\AppData\Roaming\npm-cache\nan\2.4.0\package\package.json written
225 silly loadAllDepsIntoIdealTree Finishing
226 silly loadIdealTree Finishing
227 silly currentTree rcdemo@1.0.0
227 silly currentTree +-- accepts@1.3.3
227 silly currentTree +-- ansi-regex@2.0.0
227 silly currentTree +-- ansi-styles@2.2.1
227 silly currentTree +-- array-flatten@1.1.1
227 silly currentTree +-- asn1@0.2.3
227 silly currentTree +-- assert-plus@0.2.0
227 silly currentTree +-- async@2.0.1
227 silly currentTree +-- aws-sign2@0.6.0
227 silly currentTree +-- aws4@1.4.1
227 silly currentTree +-- base64-url@1.3.2
227 silly currentTree +-- base64url@1.0.6
227 silly currentTree +-- bcrypt-pbkdf@1.0.0
227 silly currentTree +-- bl@1.1.2
227 silly currentTree | +-- isarray@1.0.0
227 silly currentTree | `-- readable-stream@2.0.6
227 silly currentTree +-- boom@2.10.1
227 silly currentTree +-- buffer-equal-constant-time@1.0.1
227 silly currentTree +-- camelcase-keys@1.0.0
227 silly currentTree +-- camelcase@1.2.1
227 silly currentTree +-- caseless@0.11.0
227 silly currentTree +-- chalk@1.1.3
227 silly currentTree +-- combined-stream@1.0.5
227 silly currentTree +-- commander@2.9.0
227 silly currentTree +-- concat-stream@1.4.10
227 silly currentTree +-- content-disposition@0.5.1
227 silly currentTree +-- content-type@1.0.2
227 silly currentTree +-- cookie-signature@1.0.6
227 silly currentTree +-- cookie@0.3.1
227 silly currentTree +-- core-util-is@1.0.2
227 silly currentTree +-- cryptiles@2.0.5
227 silly currentTree +-- dashdash@1.14.0
227 silly currentTree | `-- assert-plus@1.0.0
227 silly currentTree +-- debug@2.2.0
227 silly currentTree +-- delayed-stream@1.0.0
227 silly currentTree +-- depd@1.1.0
227 silly currentTree +-- deprecate@0.1.0
227 silly currentTree +-- destroy@1.0.4
227 silly currentTree +-- ecc-jsbn@0.1.1
227 silly currentTree +-- ecdsa-sig-formatter@1.0.7
227 silly currentTree +-- ee-first@1.1.1
227 silly currentTree +-- encodeurl@1.0.1
227 silly currentTree +-- escape-html@1.0.3
227 silly currentTree +-- escape-string-regexp@1.0.5
227 silly currentTree +-- etag@1.7.0
227 silly currentTree +-- express@4.14.0
227 silly currentTree +-- extend@3.0.0
227 silly currentTree +-- extsprintf@1.0.2
227 silly currentTree +-- finalhandler@0.5.0
227 silly currentTree +-- forever-agent@0.6.1
227 silly currentTree +-- form-data@1.0.1
227 silly currentTree +-- forwarded@0.1.0
227 silly currentTree +-- fresh@0.3.0
227 silly currentTree +-- generate-function@2.0.0
227 silly currentTree +-- generate-object-property@1.2.0
227 silly currentTree +-- get-stdin@4.0.1
227 silly currentTree +-- getpass@0.1.6
227 silly currentTree | `-- assert-plus@1.0.0
227 silly currentTree +-- graceful-readlink@1.0.1
227 silly currentTree +-- har-validator@2.0.6
227 silly currentTree +-- has-ansi@2.0.0
227 silly currentTree +-- hawk@3.1.3
227 silly currentTree +-- hoek@2.16.3
227 silly currentTree +-- http-errors@1.5.0
227 silly currentTree +-- http-signature@1.1.1
227 silly currentTree +-- indent-string@1.2.2
227 silly currentTree +-- inherits@2.0.1
227 silly currentTree +-- ipaddr.js@1.1.1
227 silly currentTree +-- is-finite@1.0.1
227 silly currentTree +-- is-my-json-valid@2.14.0
227 silly currentTree +-- is-property@1.0.2
227 silly currentTree +-- is-typedarray@1.0.0
227 silly currentTree +-- isarray@0.0.1
227 silly currentTree +-- isstream@0.1.2
227 silly currentTree +-- jodid25519@1.0.2
227 silly currentTree +-- jsbn@0.1.0
227 silly currentTree +-- json-schema@0.2.3
227 silly currentTree +-- json-stringify-safe@5.0.1
227 silly currentTree +-- jsonpointer@2.0.0
227 silly currentTree +-- jsonwebtoken@5.4.1
227 silly currentTree +-- jsprim@1.3.1
227 silly currentTree +-- jwa@1.1.3
227 silly currentTree +-- jws@3.1.3
227 silly currentTree +-- jwt-simple@0.1.0
227 silly currentTree +-- lodash@4.16.2
227 silly currentTree +-- map-obj@1.0.1
227 silly currentTree +-- media-typer@0.3.0
227 silly currentTree +-- meow@2.0.0
227 silly currentTree +-- merge-descriptors@1.0.1
227 silly currentTree +-- methods@1.1.2
227 silly currentTree +-- mime-db@1.24.0
227 silly currentTree +-- mime-types@2.1.12
227 silly currentTree +-- mime@1.3.4
227 silly currentTree +-- minimist@1.2.0
227 silly currentTree +-- ms@0.7.1
227 silly currentTree +-- negotiator@0.6.1
227 silly currentTree +-- node-uuid@1.4.7
227 silly currentTree +-- number-is-nan@1.0.0
227 silly currentTree +-- oauth-sign@0.8.2
227 silly currentTree +-- object-assign@1.0.0
227 silly currentTree +-- on-finished@2.3.0
227 silly currentTree +-- parseurl@1.3.1
227 silly currentTree +-- path-to-regexp@0.1.7
227 silly currentTree +-- pinkie-promise@2.0.1
227 silly currentTree +-- pinkie@2.0.4
227 silly currentTree +-- process-nextick-args@1.0.7
227 silly currentTree +-- proxy-addr@1.1.2
227 silly currentTree +-- q@1.4.1
227 silly currentTree +-- qs@6.2.0
227 silly currentTree +-- range-parser@1.2.0
227 silly currentTree +-- readable-stream@1.1.14
227 silly currentTree +-- repeating@1.1.3
227 silly currentTree +-- request@2.74.0
227 silly currentTree +-- rpi-433@2.1.0
227 silly currentTree +-- scmp@0.0.3
227 silly currentTree +-- send@0.14.1
227 silly currentTree +-- serve-static@1.11.1
227 silly currentTree +-- setprototypeof@1.0.1
227 silly currentTree +-- sntp@1.0.9
227 silly currentTree +-- sshpk@1.10.1
227 silly currentTree | `-- assert-plus@1.0.0
227 silly currentTree +-- statuses@1.3.0
227 silly currentTree +-- string_decoder@0.10.31
227 silly currentTree +-- string.prototype.startswith@0.2.0
227 silly currentTree +-- stringstream@0.0.5
227 silly currentTree +-- strip-ansi@3.0.1
227 silly currentTree +-- supports-color@2.0.0
227 silly currentTree +-- tough-cookie@2.3.1
227 silly currentTree +-- tunnel-agent@0.4.3
227 silly currentTree +-- tweetnacl@0.14.3
227 silly currentTree +-- twilio@2.11.0
227 silly currentTree | `-- q@0.9.7
227 silly currentTree +-- type-is@1.6.13
227 silly currentTree +-- typedarray@0.0.6
227 silly currentTree +-- underscore@1.8.3
227 silly currentTree +-- unpipe@1.0.0
227 silly currentTree +-- util-deprecate@1.0.2
227 silly currentTree +-- utils-merge@1.0.0
227 silly currentTree +-- vary@1.1.0
227 silly currentTree +-- verror@1.3.6
227 silly currentTree `-- xtend@4.0.1
228 silly idealTree rcdemo@1.0.0
228 silly idealTree +-- accepts@1.3.3
228 silly idealTree +-- ansi-regex@2.0.0
228 silly idealTree +-- ansi-styles@2.2.1
228 silly idealTree +-- array-flatten@1.1.1
228 silly idealTree +-- asn1@0.2.3
228 silly idealTree +-- assert-plus@0.2.0
228 silly idealTree +-- async@2.0.1
228 silly idealTree +-- aws-sign2@0.6.0
228 silly idealTree +-- aws4@1.4.1
228 silly idealTree +-- base64-url@1.3.2
228 silly idealTree +-- base64url@1.0.6
228 silly idealTree +-- bcrypt-pbkdf@1.0.0
228 silly idealTree +-- bindings@1.2.1
228 silly idealTree +-- bl@1.1.2
228 silly idealTree | +-- isarray@1.0.0
228 silly idealTree | `-- readable-stream@2.0.6
228 silly idealTree +-- boom@2.10.1
228 silly idealTree +-- buffer-equal-constant-time@1.0.1
228 silly idealTree +-- camelcase-keys@1.0.0
228 silly idealTree +-- camelcase@1.2.1
228 silly idealTree +-- caseless@0.11.0
228 silly idealTree +-- chalk@1.1.3
228 silly idealTree +-- combined-stream@1.0.5
228 silly idealTree +-- commander@2.9.0
228 silly idealTree +-- concat-stream@1.4.10
228 silly idealTree +-- content-disposition@0.5.1
228 silly idealTree +-- content-type@1.0.2
228 silly idealTree +-- cookie-signature@1.0.6
228 silly idealTree +-- cookie@0.3.1
228 silly idealTree +-- core-util-is@1.0.2
228 silly idealTree +-- cryptiles@2.0.5
228 silly idealTree +-- dashdash@1.14.0
228 silly idealTree | `-- assert-plus@1.0.0
228 silly idealTree +-- debug@2.2.0
228 silly idealTree +-- delayed-stream@1.0.0
228 silly idealTree +-- depd@1.1.0
228 silly idealTree +-- deprecate@0.1.0
228 silly idealTree +-- destroy@1.0.4
228 silly idealTree +-- ecc-jsbn@0.1.1
228 silly idealTree +-- ecdsa-sig-formatter@1.0.7
228 silly idealTree +-- ee-first@1.1.1
228 silly idealTree +-- encodeurl@1.0.1
228 silly idealTree +-- epoll@0.1.20
228 silly idealTree +-- escape-html@1.0.3
228 silly idealTree +-- escape-string-regexp@1.0.5
228 silly idealTree +-- etag@1.7.0
228 silly idealTree +-- express@4.14.0
228 silly idealTree +-- extend@3.0.0
228 silly idealTree +-- extsprintf@1.0.2
228 silly idealTree +-- finalhandler@0.5.0
228 silly idealTree +-- forever-agent@0.6.1
228 silly idealTree +-- form-data@1.0.1
228 silly idealTree +-- forwarded@0.1.0
228 silly idealTree +-- fresh@0.3.0
228 silly idealTree +-- generate-function@2.0.0
228 silly idealTree +-- generate-object-property@1.2.0
228 silly idealTree +-- get-stdin@4.0.1
228 silly idealTree +-- getpass@0.1.6
228 silly idealTree | `-- assert-plus@1.0.0
228 silly idealTree +-- graceful-readlink@1.0.1
228 silly idealTree +-- har-validator@2.0.6
228 silly idealTree +-- has-ansi@2.0.0
228 silly idealTree +-- hawk@3.1.3
228 silly idealTree +-- hoek@2.16.3
228 silly idealTree +-- http-errors@1.5.0
228 silly idealTree +-- http-signature@1.1.1
228 silly idealTree +-- indent-string@1.2.2
228 silly idealTree +-- inherits@2.0.1
228 silly idealTree +-- ipaddr.js@1.1.1
228 silly idealTree +-- is-finite@1.0.1
228 silly idealTree +-- is-my-json-valid@2.14.0
228 silly idealTree +-- is-property@1.0.2
228 silly idealTree +-- is-typedarray@1.0.0
228 silly idealTree +-- isarray@0.0.1
228 silly idealTree +-- isstream@0.1.2
228 silly idealTree +-- jodid25519@1.0.2
228 silly idealTree +-- jsbn@0.1.0
228 silly idealTree +-- json-schema@0.2.3
228 silly idealTree +-- json-stringify-safe@5.0.1
228 silly idealTree +-- jsonpointer@2.0.0
228 silly idealTree +-- jsonwebtoken@5.4.1
228 silly idealTree +-- jsprim@1.3.1
228 silly idealTree +-- jwa@1.1.3
228 silly idealTree +-- jws@3.1.3
228 silly idealTree +-- jwt-simple@0.1.0
228 silly idealTree +-- lodash@4.16.2
228 silly idealTree +-- map-obj@1.0.1
228 silly idealTree +-- media-typer@0.3.0
228 silly idealTree +-- meow@2.0.0
228 silly idealTree +-- merge-descriptors@1.0.1
228 silly idealTree +-- methods@1.1.2
228 silly idealTree +-- mime-db@1.24.0
228 silly idealTree +-- mime-types@2.1.12
228 silly idealTree +-- mime@1.3.4
228 silly idealTree +-- minimist@1.2.0
228 silly idealTree +-- ms@0.7.1
228 silly idealTree +-- nan@2.4.0
228 silly idealTree +-- negotiator@0.6.1
228 silly idealTree +-- node-uuid@1.4.7
228 silly idealTree +-- number-is-nan@1.0.0
228 silly idealTree +-- oauth-sign@0.8.2
228 silly idealTree +-- object-assign@1.0.0
228 silly idealTree +-- on-finished@2.3.0
228 silly idealTree +-- parseurl@1.3.1
228 silly idealTree +-- path-to-regexp@0.1.7
228 silly idealTree +-- pinkie-promise@2.0.1
228 silly idealTree +-- pinkie@2.0.4
228 silly idealTree +-- process-nextick-args@1.0.7
228 silly idealTree +-- proxy-addr@1.1.2
228 silly idealTree +-- q@1.4.1
228 silly idealTree +-- qs@6.2.0
228 silly idealTree +-- range-parser@1.2.0
228 silly idealTree +-- readable-stream@1.1.14
228 silly idealTree +-- repeating@1.1.3
228 silly idealTree +-- request@2.74.0
228 silly idealTree +-- rpi-433@2.1.0
228 silly idealTree +-- rpi-gpio@0.7.0
228 silly idealTree | `-- async@1.5.2
228 silly idealTree +-- scmp@0.0.3
228 silly idealTree +-- send@0.14.1
228 silly idealTree +-- serve-static@1.11.1
228 silly idealTree +-- setprototypeof@1.0.1
228 silly idealTree +-- sntp@1.0.9
228 silly idealTree +-- sshpk@1.10.1
228 silly idealTree | `-- assert-plus@1.0.0
228 silly idealTree +-- statuses@1.3.0
228 silly idealTree +-- string_decoder@0.10.31
228 silly idealTree +-- string.prototype.startswith@0.2.0
228 silly idealTree +-- stringstream@0.0.5
228 silly idealTree +-- strip-ansi@3.0.1
228 silly idealTree +-- supports-color@2.0.0
228 silly idealTree +-- tough-cookie@2.3.1
228 silly idealTree +-- tunnel-agent@0.4.3
228 silly idealTree +-- tweetnacl@0.14.3
228 silly idealTree +-- twilio@2.11.0
228 silly idealTree | `-- q@0.9.7
228 silly idealTree +-- type-is@1.6.13
228 silly idealTree +-- typedarray@0.0.6
228 silly idealTree +-- underscore@1.8.3
228 silly idealTree +-- unpipe@1.0.0
228 silly idealTree +-- util-deprecate@1.0.2
228 silly idealTree +-- utils-merge@1.0.0
228 silly idealTree +-- vary@1.1.0
228 silly idealTree +-- verror@1.3.6
228 silly idealTree `-- xtend@4.0.1
229 silly generateActionsToTake Starting
230 silly install generateActionsToTake
231 silly generateActionsToTake Finishing
232 silly diffTrees action count 5
233 silly diffTrees add bindings@1.2.1
234 silly diffTrees add nan@2.4.0
235 silly diffTrees add epoll@0.1.20
236 silly diffTrees add async@1.5.2
237 silly diffTrees add rpi-gpio@0.7.0
238 silly decomposeActions action count 40
239 silly decomposeActions fetch bindings@1.2.1
240 silly decomposeActions extract bindings@1.2.1
241 silly decomposeActions test bindings@1.2.1
242 silly decomposeActions preinstall bindings@1.2.1
243 silly decomposeActions build bindings@1.2.1
244 silly decomposeActions install bindings@1.2.1
245 silly decomposeActions postinstall bindings@1.2.1
246 silly decomposeActions finalize bindings@1.2.1
247 silly decomposeActions fetch nan@2.4.0
248 silly decomposeActions extract nan@2.4.0
249 silly decomposeActions test nan@2.4.0
250 silly decomposeActions preinstall nan@2.4.0
251 silly decomposeActions build nan@2.4.0
252 silly decomposeActions install nan@2.4.0
253 silly decomposeActions postinstall nan@2.4.0
254 silly decomposeActions finalize nan@2.4.0
255 silly decomposeActions fetch epoll@0.1.20
256 silly decomposeActions extract epoll@0.1.20
257 silly decomposeActions test epoll@0.1.20
258 silly decomposeActions preinstall epoll@0.1.20
259 silly decomposeActions build epoll@0.1.20
260 silly decomposeActions install epoll@0.1.20
261 silly decomposeActions postinstall epoll@0.1.20
262 silly decomposeActions finalize epoll@0.1.20
263 silly decomposeActions fetch async@1.5.2
264 silly decomposeActions extract async@1.5.2
265 silly decomposeActions test async@1.5.2
266 silly decomposeActions preinstall async@1.5.2
267 silly decomposeActions build async@1.5.2
268 silly decomposeActions install async@1.5.2
269 silly decomposeActions postinstall async@1.5.2
270 silly decomposeActions finalize async@1.5.2
271 silly decomposeActions fetch rpi-gpio@0.7.0
272 silly decomposeActions extract rpi-gpio@0.7.0
273 silly decomposeActions test rpi-gpio@0.7.0
274 silly decomposeActions preinstall rpi-gpio@0.7.0
275 silly decomposeActions build rpi-gpio@0.7.0
276 silly decomposeActions install rpi-gpio@0.7.0
277 silly decomposeActions postinstall rpi-gpio@0.7.0
278 silly decomposeActions finalize rpi-gpio@0.7.0
279 silly executeActions Starting
280 silly install executeActions
281 silly doSerial global-install 0
282 silly doParallel fetch 5
283 verbose correctMkdir C:\Users\bpatel\AppData\Roaming\npm-cache\_locks correctMkdir not in flight; initializing
284 verbose lock using C:\Users\bpatel\AppData\Roaming\npm-cache\_locks\staging-ddec8e032b08bb40.lock for C:\projects\rc-switch-nodejs\node_modules\.staging
285 silly doParallel extract 5
286 silly extract bindings@1.2.1
287 silly extract nan@2.4.0
288 silly extract epoll@0.1.20
289 silly extract async@1.5.2
290 silly extract rpi-gpio@0.7.0
291 verbose unbuild node_modules\.staging\bindings-913ed062
292 verbose unbuild node_modules\.staging\nan-f904e5b4
293 verbose unbuild node_modules\.staging\epoll-2cd42ea4
294 verbose unbuild node_modules\.staging\async-48e186ed
295 verbose unbuild node_modules\.staging\rpi-gpio-d538af75
296 silly gentlyRm C:\projects\rc-switch-nodejs\node_modules\.staging\bindings-913ed062 is being purged from base C:\projects\rc-switch-nodejs
297 verbose gentlyRm don't care about contents; nuking C:\projects\rc-switch-nodejs\node_modules\.staging\bindings-913ed062
298 silly gentlyRm C:\projects\rc-switch-nodejs\node_modules\.staging\nan-f904e5b4 is being purged from base C:\projects\rc-switch-nodejs
299 verbose gentlyRm don't care about contents; nuking C:\projects\rc-switch-nodejs\node_modules\.staging\nan-f904e5b4
300 silly gentlyRm C:\projects\rc-switch-nodejs\node_modules\.staging\epoll-2cd42ea4 is being purged from base C:\projects\rc-switch-nodejs
301 verbose gentlyRm don't care about contents; nuking C:\projects\rc-switch-nodejs\node_modules\.staging\epoll-2cd42ea4
302 silly gentlyRm C:\projects\rc-switch-nodejs\node_modules\.staging\async-48e186ed is being purged from base C:\projects\rc-switch-nodejs
303 verbose gentlyRm don't care about contents; nuking C:\projects\rc-switch-nodejs\node_modules\.staging\async-48e186ed
304 silly gentlyRm C:\projects\rc-switch-nodejs\node_modules\.staging\rpi-gpio-d538af75 is being purged from base C:\projects\rc-switch-nodejs
305 verbose gentlyRm don't care about contents; nuking C:\projects\rc-switch-nodejs\node_modules\.staging\rpi-gpio-d538af75
306 verbose tar unpack C:\Users\bpatel\AppData\Roaming\npm-cache\bindings\1.2.1\package.tgz
307 verbose tar unpacking to C:\projects\rc-switch-nodejs\node_modules\.staging\bindings-913ed062
308 silly gentlyRm C:\projects\rc-switch-nodejs\node_modules\.staging\bindings-913ed062 is being purged
309 verbose gentlyRm don't care about contents; nuking C:\projects\rc-switch-nodejs\node_modules\.staging\bindings-913ed062
310 verbose tar unpack C:\Users\bpatel\AppData\Roaming\npm-cache\nan\2.4.0\package.tgz
311 verbose tar unpacking to C:\projects\rc-switch-nodejs\node_modules\.staging\nan-f904e5b4
312 silly gentlyRm C:\projects\rc-switch-nodejs\node_modules\.staging\nan-f904e5b4 is being purged
313 verbose gentlyRm don't care about contents; nuking C:\projects\rc-switch-nodejs\node_modules\.staging\nan-f904e5b4
314 verbose tar unpack C:\Users\bpatel\AppData\Roaming\npm-cache\epoll\0.1.20\package.tgz
315 verbose tar unpacking to C:\projects\rc-switch-nodejs\node_modules\.staging\epoll-2cd42ea4
316 silly gentlyRm C:\projects\rc-switch-nodejs\node_modules\.staging\epoll-2cd42ea4 is being purged
317 verbose gentlyRm don't care about contents; nuking C:\projects\rc-switch-nodejs\node_modules\.staging\epoll-2cd42ea4
318 verbose tar unpack C:\Users\bpatel\AppData\Roaming\npm-cache\async\1.5.2\package.tgz
319 verbose tar unpacking to C:\projects\rc-switch-nodejs\node_modules\.staging\async-48e186ed
320 silly gentlyRm C:\projects\rc-switch-nodejs\node_modules\.staging\async-48e186ed is being purged
321 verbose gentlyRm don't care about contents; nuking C:\projects\rc-switch-nodejs\node_modules\.staging\async-48e186ed
322 verbose tar unpack C:\Users\bpatel\AppData\Roaming\npm-cache\rpi-gpio\0.7.0\package.tgz
323 verbose tar unpacking to C:\projects\rc-switch-nodejs\node_modules\.staging\rpi-gpio-d538af75
324 silly gentlyRm C:\projects\rc-switch-nodejs\node_modules\.staging\rpi-gpio-d538af75 is being purged
325 verbose gentlyRm don't care about contents; nuking C:\projects\rc-switch-nodejs\node_modules\.staging\rpi-gpio-d538af75
326 silly gunzTarPerm modes [ '777', '666' ]
327 silly gunzTarPerm modes [ '777', '666' ]
328 silly gunzTarPerm modes [ '777', '666' ]
329 silly gunzTarPerm modes [ '777', '666' ]
330 silly gunzTarPerm modes [ '777', '666' ]
331 silly gunzTarPerm extractEntry package.json
332 silly gunzTarPerm modified mode [ 'package.json', 420, 438 ]
333 silly gunzTarPerm extractEntry package.json
334 silly gunzTarPerm modified mode [ 'package.json', 436, 438 ]
335 silly gunzTarPerm extractEntry package.json
336 silly gunzTarPerm modified mode [ 'package.json', 436, 438 ]
337 silly gunzTarPerm extractEntry package.json
338 silly gunzTarPerm modified mode [ 'package.json', 436, 438 ]
339 silly gunzTarPerm extractEntry package.json
340 silly gunzTarPerm modified mode [ 'package.json', 436, 438 ]
341 silly gunzTarPerm extractEntry README.md
342 silly gunzTarPerm modified mode [ 'README.md', 436, 438 ]
343 silly gunzTarPerm extractEntry README.md
344 silly gunzTarPerm modified mode [ 'README.md', 420, 438 ]
345 silly gunzTarPerm extractEntry bindings.js
346 silly gunzTarPerm modified mode [ 'bindings.js', 420, 438 ]
347 silly gunzTarPerm extractEntry .npmignore
348 silly gunzTarPerm modified mode [ '.npmignore', 436, 438 ]
349 silly gunzTarPerm extractEntry README.md
350 silly gunzTarPerm modified mode [ 'README.md', 436, 438 ]
351 silly gunzTarPerm extractEntry README.md
352 silly gunzTarPerm modified mode [ 'README.md', 436, 438 ]
353 silly gunzTarPerm extractEntry LICENSE
354 silly gunzTarPerm modified mode [ 'LICENSE', 436, 438 ]
355 silly gunzTarPerm extractEntry include_dirs.js
356 silly gunzTarPerm modified mode [ 'include_dirs.js', 436, 438 ]
357 silly gunzTarPerm extractEntry .npmignore
358 silly gunzTarPerm modified mode [ '.npmignore', 509, 511 ]
359 silly gunzTarPerm extractEntry README.md
360 silly gunzTarPerm modified mode [ 'README.md', 509, 511 ]
361 silly gunzTarPerm extractEntry LICENSE
362 silly gunzTarPerm modified mode [ 'LICENSE', 436, 438 ]
363 silly gunzTarPerm extractEntry epoll.js
364 silly gunzTarPerm modified mode [ 'epoll.js', 436, 438 ]
365 silly gunzTarPerm extractEntry CHANGELOG.md
366 silly gunzTarPerm modified mode [ 'CHANGELOG.md', 436, 438 ]
367 silly gunzTarPerm extractEntry dist/async.js
368 silly gunzTarPerm modified mode [ 'dist/async.js', 436, 438 ]
369 silly gunzTarPerm extractEntry dist/async.min.js
370 silly gunzTarPerm modified mode [ 'dist/async.min.js', 436, 438 ]
371 silly gunzTarPerm extractEntry nan_callbacks_pre_12_inl.h
372 silly gunzTarPerm modified mode [ 'nan_callbacks_pre_12_inl.h', 436, 438 ]
373 silly gunzTarPerm extractEntry CHANGELOG.md
374 silly gunzTarPerm modified mode [ 'CHANGELOG.md', 436, 438 ]
375 silly gunzTarPerm extractEntry LICENSE.md
376 silly gunzTarPerm modified mode [ 'LICENSE.md', 436, 438 ]
377 silly gunzTarPerm extractEntry lib/async.js
378 silly gunzTarPerm modified mode [ 'lib/async.js', 436, 438 ]
379 silly gunzTarPerm extractEntry doc/node_misc.md
380 silly gunzTarPerm modified mode [ 'doc/node_misc.md', 436, 438 ]
381 silly gunzTarPerm extractEntry rpi-gpio.js
382 silly gunzTarPerm modified mode [ 'rpi-gpio.js', 509, 511 ]
383 silly gunzTarPerm extractEntry .travis.yml
384 silly gunzTarPerm modified mode [ '.travis.yml', 509, 511 ]
385 silly gunzTarPerm extractEntry MIT-LICENSE.txt
386 silly gunzTarPerm modified mode [ 'MIT-LICENSE.txt', 436, 438 ]
387 silly gunzTarPerm extractEntry test/main.js
388 silly gunzTarPerm modified mode [ 'test/main.js', 509, 511 ]
389 silly gunzTarPerm extractEntry test/integration/main.js
390 silly gunzTarPerm modified mode [ 'test/integration/main.js', 436, 438 ]
391 silly gunzTarPerm extractEntry History.md
392 silly gunzTarPerm modified mode [ 'History.md', 436, 438 ]
393 silly gunzTarPerm extractEntry binding.gyp
394 silly gunzTarPerm modified mode [ 'binding.gyp', 436, 438 ]
395 silly gunzTarPerm extractEntry example/interrupts-per-second/interrupts-per-second.js
396 silly gunzTarPerm modified mode [ 'example/interrupts-per-second/interrupts-per-second.js',
396 silly gunzTarPerm   436,
396 silly gunzTarPerm   438 ]
397 silly gunzTarPerm extractEntry example/interrupts-per-second/export
398 silly gunzTarPerm modified mode [ 'example/interrupts-per-second/export', 509, 511 ]
399 silly gunzTarPerm extractEntry example/interrupts-per-second/unexport
400 silly gunzTarPerm modified mode [ 'example/interrupts-per-second/unexport', 509, 511 ]
401 silly gunzTarPerm extractEntry example/watch-button/watch-button.js
402 silly gunzTarPerm modified mode [ 'example/watch-button/watch-button.js', 436, 438 ]
403 silly gunzTarPerm extractEntry example/watch-button/export
404 silly gunzTarPerm modified mode [ 'example/watch-button/export', 509, 511 ]
405 silly gunzTarPerm extractEntry example/watch-button/unexport
406 silly gunzTarPerm modified mode [ 'example/watch-button/unexport', 509, 511 ]
407 silly gunzTarPerm extractEntry src/epoll.cc
408 silly gunzTarPerm modified mode [ 'src/epoll.cc', 436, 438 ]
409 silly gunzTarPerm extractEntry src/epoll.h
410 silly gunzTarPerm modified mode [ 'src/epoll.h', 436, 438 ]
411 silly gunzTarPerm extractEntry test/brute-force-leak-check.js
412 silly gunzTarPerm modified mode [ 'test/brute-force-leak-check.js', 436, 438 ]
413 silly gunzTarPerm extractEntry test/do-almost-nothing.js
414 silly gunzTarPerm modified mode [ 'test/do-almost-nothing.js', 436, 438 ]
415 silly gunzTarPerm extractEntry test/do-nothing.js
416 silly gunzTarPerm modified mode [ 'test/do-nothing.js', 436, 438 ]
417 silly gunzTarPerm extractEntry test/no-gc-allowed.js
418 silly gunzTarPerm modified mode [ 'test/no-gc-allowed.js', 436, 438 ]
419 silly gunzTarPerm extractEntry test/closed.js
420 silly gunzTarPerm modified mode [ 'test/closed.js', 436, 438 ]
421 silly gunzTarPerm extractEntry test/performance-check.js
422 silly gunzTarPerm modified mode [ 'test/performance-check.js', 436, 438 ]
423 silly gunzTarPerm extractEntry test/util.js
424 silly gunzTarPerm modified mode [ 'test/util.js', 436, 438 ]
425 silly gunzTarPerm extractEntry test/two-shot.js
426 silly gunzTarPerm modified mode [ 'test/two-shot.js', 436, 438 ]
427 silly gunzTarPerm extractEntry test/verify-events.js
428 silly gunzTarPerm modified mode [ 'test/verify-events.js', 436, 438 ]
429 silly gunzTarPerm extractEntry test/one-shot.js
430 silly gunzTarPerm modified mode [ 'test/one-shot.js', 436, 438 ]
431 silly gunzTarPerm extractEntry test/run-tests
432 silly gunzTarPerm modified mode [ 'test/run-tests', 509, 511 ]
433 silly gunzTarPerm extractEntry doc/asyncworker.md
434 silly gunzTarPerm modified mode [ 'doc/asyncworker.md', 436, 438 ]
435 silly gunzTarPerm extractEntry doc/callback.md
436 silly gunzTarPerm modified mode [ 'doc/callback.md', 436, 438 ]
437 silly gunzTarPerm extractEntry doc/converters.md
438 silly gunzTarPerm modified mode [ 'doc/converters.md', 436, 438 ]
439 silly gunzTarPerm extractEntry doc/errors.md
440 silly gunzTarPerm modified mode [ 'doc/errors.md', 436, 438 ]
441 silly gunzTarPerm extractEntry doc/maybe_types.md
442 silly gunzTarPerm modified mode [ 'doc/maybe_types.md', 436, 438 ]
443 silly gunzTarPerm extractEntry doc/methods.md
444 silly gunzTarPerm modified mode [ 'doc/methods.md', 436, 438 ]
445 silly gunzTarPerm extractEntry doc/new.md
446 silly gunzTarPerm modified mode [ 'doc/new.md', 436, 438 ]
447 silly gunzTarPerm extractEntry doc/buffers.md
448 silly gunzTarPerm modified mode [ 'doc/buffers.md', 436, 438 ]
449 silly gentlyRm C:\projects\rc-switch-nodejs\node_modules\.staging\bindings-913ed062\node_modules is being purged
450 verbose gentlyRm don't care about contents; nuking C:\projects\rc-switch-nodejs\node_modules\.staging\bindings-913ed062\node_modules
451 silly gunzTarPerm extractEntry doc/object_wrappers.md
452 silly gunzTarPerm modified mode [ 'doc/object_wrappers.md', 436, 438 ]
453 silly gunzTarPerm extractEntry doc/persistent.md
454 silly gunzTarPerm modified mode [ 'doc/persistent.md', 436, 438 ]
455 silly gunzTarPerm extractEntry doc/scopes.md
456 silly gunzTarPerm modified mode [ 'doc/scopes.md', 436, 438 ]
457 silly gunzTarPerm extractEntry doc/script.md
458 silly gunzTarPerm modified mode [ 'doc/script.md', 436, 438 ]
459 silly gunzTarPerm extractEntry doc/string_bytes.md
460 silly gunzTarPerm modified mode [ 'doc/string_bytes.md', 436, 438 ]
461 silly gunzTarPerm extractEntry doc/v8_internals.md
462 silly gunzTarPerm modified mode [ 'doc/v8_internals.md', 436, 438 ]
463 silly gunzTarPerm extractEntry doc/v8_misc.md
464 silly gunzTarPerm modified mode [ 'doc/v8_misc.md', 436, 438 ]
465 silly gunzTarPerm extractEntry nan.h
466 silly gunzTarPerm modified mode [ 'nan.h', 436, 438 ]
467 silly gunzTarPerm extractEntry nan_callbacks.h
468 silly gunzTarPerm modified mode [ 'nan_callbacks.h', 436, 438 ]
469 silly gunzTarPerm extractEntry nan_callbacks_12_inl.h
470 silly gunzTarPerm modified mode [ 'nan_callbacks_12_inl.h', 436, 438 ]
471 silly gunzTarPerm extractEntry nan_converters.h
472 silly gunzTarPerm modified mode [ 'nan_converters.h', 436, 438 ]
473 silly gunzTarPerm extractEntry nan_converters_43_inl.h
474 silly gunzTarPerm modified mode [ 'nan_converters_43_inl.h', 436, 438 ]
475 silly gunzTarPerm extractEntry nan_converters_pre_43_inl.h
476 silly gunzTarPerm modified mode [ 'nan_converters_pre_43_inl.h', 436, 438 ]
477 silly gunzTarPerm extractEntry nan_implementation_12_inl.h
478 silly gunzTarPerm modified mode [ 'nan_implementation_12_inl.h', 436, 438 ]
479 silly gunzTarPerm extractEntry nan_implementation_pre_12_inl.h
480 silly gunzTarPerm modified mode [ 'nan_implementation_pre_12_inl.h', 436, 438 ]
481 silly gunzTarPerm extractEntry nan_maybe_43_inl.h
482 silly gunzTarPerm modified mode [ 'nan_maybe_43_inl.h', 436, 438 ]
483 silly gunzTarPerm extractEntry nan_maybe_pre_43_inl.h
484 silly gunzTarPerm modified mode [ 'nan_maybe_pre_43_inl.h', 436, 438 ]
485 silly gentlyRm C:\projects\rc-switch-nodejs\node_modules\.staging\rpi-gpio-d538af75\node_modules is being purged
486 verbose gentlyRm don't care about contents; nuking C:\projects\rc-switch-nodejs\node_modules\.staging\rpi-gpio-d538af75\node_modules
487 silly gunzTarPerm extractEntry nan_new.h
488 silly gunzTarPerm modified mode [ 'nan_new.h', 436, 438 ]
489 silly gunzTarPerm extractEntry nan_object_wrap.h
490 silly gunzTarPerm modified mode [ 'nan_object_wrap.h', 436, 438 ]
491 silly gunzTarPerm extractEntry nan_persistent_12_inl.h
492 silly gunzTarPerm modified mode [ 'nan_persistent_12_inl.h', 436, 438 ]
493 silly gunzTarPerm extractEntry nan_persistent_pre_12_inl.h
494 silly gunzTarPerm modified mode [ 'nan_persistent_pre_12_inl.h', 436, 438 ]
495 silly gunzTarPerm extractEntry nan_string_bytes.h
496 silly gunzTarPerm modified mode [ 'nan_string_bytes.h', 436, 438 ]
497 silly gunzTarPerm extractEntry nan_typedarray_contents.h
498 silly gunzTarPerm modified mode [ 'nan_typedarray_contents.h', 436, 438 ]
499 silly gunzTarPerm extractEntry nan_weak.h
500 silly gunzTarPerm modified mode [ 'nan_weak.h', 436, 438 ]
501 silly gunzTarPerm extractEntry tools/package.json
502 silly gunzTarPerm modified mode [ 'tools/package.json', 436, 438 ]
503 silly gentlyRm C:\projects\rc-switch-nodejs\node_modules\.staging\async-48e186ed\node_modules is being purged
504 verbose gentlyRm don't care about contents; nuking C:\projects\rc-switch-nodejs\node_modules\.staging\async-48e186ed\node_modules
505 silly gunzTarPerm extractEntry tools/README.md
506 silly gunzTarPerm modified mode [ 'tools/README.md', 436, 438 ]
507 silly gunzTarPerm extractEntry tools/1to2.js
508 silly gunzTarPerm modified mode [ 'tools/1to2.js', 509, 511 ]
509 silly gentlyRm C:\projects\rc-switch-nodejs\node_modules\.staging\epoll-2cd42ea4\node_modules is being purged
510 verbose gentlyRm don't care about contents; nuking C:\projects\rc-switch-nodejs\node_modules\.staging\epoll-2cd42ea4\node_modules
511 silly gentlyRm C:\projects\rc-switch-nodejs\node_modules\.staging\nan-f904e5b4\node_modules is being purged
512 verbose gentlyRm don't care about contents; nuking C:\projects\rc-switch-nodejs\node_modules\.staging\nan-f904e5b4\node_modules
513 silly doParallel preinstall 5
514 silly preinstall bindings@1.2.1 C:\projects\rc-switch-nodejs\node_modules\.staging\bindings-913ed062
515 info lifecycle bindings@1.2.1~preinstall: bindings@1.2.1
516 silly preinstall nan@2.4.0 C:\projects\rc-switch-nodejs\node_modules\.staging\nan-f904e5b4
517 info lifecycle nan@2.4.0~preinstall: nan@2.4.0
518 silly preinstall epoll@0.1.20 C:\projects\rc-switch-nodejs\node_modules\.staging\epoll-2cd42ea4
519 info lifecycle epoll@0.1.20~preinstall: epoll@0.1.20
520 silly preinstall async@1.5.2 C:\projects\rc-switch-nodejs\node_modules\.staging\async-48e186ed
521 info lifecycle async@1.5.2~preinstall: async@1.5.2
522 silly preinstall rpi-gpio@0.7.0 C:\projects\rc-switch-nodejs\node_modules\.staging\rpi-gpio-d538af75
523 info lifecycle rpi-gpio@0.7.0~preinstall: rpi-gpio@0.7.0
524 silly lifecycle bindings@1.2.1~preinstall: no script for preinstall, continuing
525 silly lifecycle nan@2.4.0~preinstall: no script for preinstall, continuing
526 silly lifecycle epoll@0.1.20~preinstall: no script for preinstall, continuing
527 silly lifecycle async@1.5.2~preinstall: no script for preinstall, continuing
528 silly lifecycle rpi-gpio@0.7.0~preinstall: no script for preinstall, continuing
529 silly doReverseSerial remove 0
530 silly doSerial move 0
531 silly doSerial finalize 5
532 silly finalize C:\projects\rc-switch-nodejs\node_modules\bindings
533 silly finalize C:\projects\rc-switch-nodejs\node_modules\nan
534 silly finalize C:\projects\rc-switch-nodejs\node_modules\epoll
535 silly finalize C:\projects\rc-switch-nodejs\node_modules\rpi-gpio\node_modules\async
536 silly finalize C:\projects\rc-switch-nodejs\node_modules\rpi-gpio
537 silly doSerial build 5
538 silly build bindings@1.2.1
539 info linkStuff bindings@1.2.1
540 silly linkStuff bindings@1.2.1 has C:\projects\rc-switch-nodejs\node_modules as its parent node_modules
541 verbose linkBins bindings@1.2.1
542 verbose linkMans bindings@1.2.1
543 silly build nan@2.4.0
544 info linkStuff nan@2.4.0
545 silly linkStuff nan@2.4.0 has C:\projects\rc-switch-nodejs\node_modules as its parent node_modules
546 verbose linkBins nan@2.4.0
547 verbose linkMans nan@2.4.0
548 silly build epoll@0.1.20
549 info linkStuff epoll@0.1.20
550 silly linkStuff epoll@0.1.20 has C:\projects\rc-switch-nodejs\node_modules as its parent node_modules
551 verbose linkBins epoll@0.1.20
552 verbose linkMans epoll@0.1.20
553 silly build async@1.5.2
554 info linkStuff async@1.5.2
555 silly linkStuff async@1.5.2 has C:\projects\rc-switch-nodejs\node_modules\rpi-gpio\node_modules as its parent node_modules
556 verbose linkBins async@1.5.2
557 verbose linkMans async@1.5.2
558 silly build rpi-gpio@0.7.0
559 info linkStuff rpi-gpio@0.7.0
560 silly linkStuff rpi-gpio@0.7.0 has C:\projects\rc-switch-nodejs\node_modules as its parent node_modules
561 verbose linkBins rpi-gpio@0.7.0
562 verbose linkMans rpi-gpio@0.7.0
563 silly doSerial global-link 0
564 silly doParallel update-linked 0
565 silly doSerial install 5
566 silly install bindings@1.2.1 C:\projects\rc-switch-nodejs\node_modules\.staging\bindings-913ed062
567 info lifecycle bindings@1.2.1~install: bindings@1.2.1
568 silly lifecycle bindings@1.2.1~install: no script for install, continuing
569 silly install nan@2.4.0 C:\projects\rc-switch-nodejs\node_modules\.staging\nan-f904e5b4
570 info lifecycle nan@2.4.0~install: nan@2.4.0
571 silly lifecycle nan@2.4.0~install: no script for install, continuing
572 silly install epoll@0.1.20 C:\projects\rc-switch-nodejs\node_modules\.staging\epoll-2cd42ea4
573 info lifecycle epoll@0.1.20~install: epoll@0.1.20
574 verbose lifecycle epoll@0.1.20~install: unsafe-perm in lifecycle true
575 verbose lifecycle epoll@0.1.20~install: PATH: C:\Program Files\nodejs\node_modules\npm\bin\node-gyp-bin;C:\projects\rc-switch-nodejs\node_modules\epoll\node_modules\.bin;C:\projects\rc-switch-nodejs\node_modules\.bin;C:\Program Files\nodejs;C:\Program Files\ConEmu\ConEmu\Scripts;C:\Program Files\ConEmu;C:\Program Files\ConEmu\ConEmu;C:\WINDOWS\system32;C:\WINDOWS;C:\WINDOWS\System32\Wbem;C:\WINDOWS\System32\WindowsPowerShell\v1.0\;C:\Program Files (x86)\Intel\OpenCL SDK\2.0\bin\x86;C:\Program Files (x86)\Intel\OpenCL SDK\2.0\bin\x64;C:\Program Files\nodejs\;C:\Program Files\Git\cmd;C:\Users\bpatel\AppData\Roaming\npm;C:\Users\bpatel\AppData\Local\atom\bin;%USERPROFILE%\AppData\Local\Microsoft\WindowsApps;
576 verbose lifecycle epoll@0.1.20~install: CWD: C:\projects\rc-switch-nodejs\node_modules\epoll
577 silly lifecycle epoll@0.1.20~install: Args: [ '/d /s /c', 'node-gyp rebuild' ]
578 silly lifecycle epoll@0.1.20~install: Returned: code: 1  signal: null
579 info lifecycle epoll@0.1.20~install: Failed to exec install script
580 verbose unlock done using C:\Users\bpatel\AppData\Roaming\npm-cache\_locks\staging-ddec8e032b08bb40.lock for C:\projects\rc-switch-nodejs\node_modules\.staging
581 silly rollbackFailedOptional Starting
582 silly rollbackFailedOptional Finishing
583 silly runTopLevelLifecycles Starting
584 silly runTopLevelLifecycles Finishing
585 silly install printInstalled
586 warn rcdemo@1.0.0 No description
587 warn rcdemo@1.0.0 No repository field.
588 verbose stack Error: epoll@0.1.20 install: `node-gyp rebuild`
588 verbose stack Exit status 1
588 verbose stack     at EventEmitter.<anonymous> (C:\Program Files\nodejs\node_modules\npm\lib\utils\lifecycle.js:242:16)
588 verbose stack     at emitTwo (events.js:106:13)
588 verbose stack     at EventEmitter.emit (events.js:191:7)
588 verbose stack     at ChildProcess.<anonymous> (C:\Program Files\nodejs\node_modules\npm\lib\utils\spawn.js:40:14)
588 verbose stack     at emitTwo (events.js:106:13)
588 verbose stack     at ChildProcess.emit (events.js:191:7)
588 verbose stack     at maybeClose (internal/child_process.js:877:16)
588 verbose stack     at Process.ChildProcess._handle.onexit (internal/child_process.js:226:5)
589 verbose pkgid epoll@0.1.20
590 verbose cwd C:\projects\rc-switch-nodejs
591 error Windows_NT 10.0.14393
592 error argv "C:\\Program Files\\nodejs\\node.exe" "C:\\Program Files\\nodejs\\node_modules\\npm\\bin\\npm-cli.js" "install" "--save" "rpi-gpio"
593 error node v6.6.0
594 error npm  v3.10.3
595 error code ELIFECYCLE
596 error epoll@0.1.20 install: `node-gyp rebuild`
596 error Exit status 1
597 error Failed at the epoll@0.1.20 install script 'node-gyp rebuild'.
597 error Make sure you have the latest version of node.js and npm installed.
597 error If you do, this is most likely a problem with the epoll package,
597 error not with npm itself.
597 error Tell the author that this fails on your system:
597 error     node-gyp rebuild
597 error You can get information on how to open an issue for this project with:
597 error     npm bugs epoll
597 error Or if that isn't available, you can get their info via:
597 error     npm owner ls epoll
597 error There is likely additional logging output above.
598 verbose exit [ 1, true ]
